logDefer2021/01/17 10:24:13 Hello there!
logDefer2021/01/17 10:24:13 Another log entry!
logDefer2021/01/17 10:24:13 -- FUNCTION one ---
logDefer2021/01/17 10:24:13 0
logDefer2021/01/17 10:24:13 1
logDefer2021/01/17 10:24:13 2
logDefer2021/01/17 10:24:13 3
logDefer2021/01/17 10:24:13 4
logDefer2021/01/17 10:24:13 5
logDefer2021/01/17 10:24:13 6
logDefer2021/01/17 10:24:13 7
logDefer2021/01/17 10:24:13 8
logDefer2021/01/17 10:24:13 9
logDefer2021/01/17 10:24:13 -- FUNCTION one ---
logDefer2021/01/17 10:24:13 -- FUNCTION two ---
logDefer2021/01/17 10:24:13 10
logDefer2021/01/17 10:24:13 9
logDefer2021/01/17 10:24:13 8
logDefer2021/01/17 10:24:13 7
logDefer2021/01/17 10:24:13 6
logDefer2021/01/17 10:24:13 5
logDefer2021/01/17 10:24:13 4
logDefer2021/01/17 10:24:13 3
logDefer2021/01/17 10:24:13 2
logDefer2021/01/17 10:24:13 1
logDefer2021/01/17 10:24:13 -- FUNCTION two ---
